<?xml version="1.0" encoding="UTF-8"?>
<!-- Generated by org.testng.reporters.JUnitReportReporter -->
<testsuite skipped="0" hostname="user-PC" name="com.qa.testcases.CredentialsPageTest" tests="1" failures="0" timestamp="21 Jan 2020 10:22:56 GMT" time="28.848" errors="0">
  <testcase name="verifyUserNamePasswordTest" time="28.848" classname="com.qa.testcases.CredentialsPageTest"/>
</testsuite> <!-- com.qa.testcases.CredentialsPageTest -->
