<?xml version="1.0" encoding="UTF-8"?>
<!-- Generated by org.testng.reporters.JUnitReportReporter -->
<testsuite skipped="0" hostname="user-PC" name="com.qa.testcases.NewCustomerPageTest" tests="1" failures="0" timestamp="23 Jan 2020 12:30:12 GMT" time="51.231" errors="0">
  <testcase name="NewCustomer_DataEntry_Test" time="51.231" classname="com.qa.testcases.NewCustomerPageTest"/>
</testsuite> <!-- com.qa.testcases.NewCustomerPageTest -->
