<?xml version="1.0" encoding="UTF-8"?>
<!-- Generated by org.testng.reporters.JUnitReportReporter -->
<testsuite skipped="0" hostname="user-PC" name="com.qa.testcases.SignUpPageTest" tests="1" failures="0" timestamp="20 Jan 2020 14:13:39 GMT" time="4.072" errors="0">
  <testcase name="accessCredentialsTest" time="4.072" classname="com.qa.testcases.SignUpPageTest"/>
</testsuite> <!-- com.qa.testcases.SignUpPageTest -->
