<?xml version="1.0" encoding="UTF-8"?>
<!-- Generated by org.testng.reporters.JUnitReportReporter -->
<testsuite skipped="0" hostname="user-PC" name="com.qa.testcases.LoginPageTest" tests="1" failures="0" timestamp="23 Jan 2020 12:54:19 GMT" time="24.234" errors="0">
  <testcase name="getTitlePageTest" time="24.234" classname="com.qa.testcases.LoginPageTest"/>
</testsuite> <!-- com.qa.testcases.LoginPageTest -->
