<?xml version="1.0" encoding="UTF-8"?>
<!-- Generated by org.testng.reporters.JUnitReportReporter -->
<testsuite skipped="0" hostname="user-PC" name="test.testing" tests="1" failures="0" timestamp="18 Jan 2020 07:58:55 GMT" time="12.918" errors="0">
  <testcase name="test1" time="12.918" classname="test.testing"/>
</testsuite> <!-- test.testing -->
